<?xml version="1.0" encoding="UTF-8"?>
<!-- Generated by org.testng.reporters.JUnitReportReporter -->
<testsuite hostname="Pravin" failures="0" tests="1" name="sample.actitimetest" time="71.083" errors="0" timestamp="2021-12-20T10:16:59 IST" skipped="0">
  <testcase classname="sample.actitimetest" name="Testloginandlogout" time="71.083"/>
  <system-out/>
</testsuite> <!-- sample.actitimetest -->
