<?xml version="1.0" encoding="UTF-8"?>
<!-- Generated by org.testng.reporters.JUnitReportReporter -->
<testsuite skipped="0" hostname="Pravin" name="sample.Testactitime" tests="1" failures="0" timestamp="20 Dec 2021 09:11:34 GMT" time="68.932" errors="0">
  <testcase name="Testloginandlogout" time="68.932" classname="sample.Testactitime"/>
</testsuite> <!-- sample.Testactitime -->
