<?xml version="1.0" encoding="UTF-8"?>
<!-- Generated by org.testng.reporters.JUnitReportReporter -->
<testsuite hostname="Pravin" failures="0" tests="2" name="sikuli.TestUploadfile" time="51.334" errors="0" timestamp="19 Dec 2021 10:44:36 GMT" skipped="0">
  <testcase classname="sikuli.TestUploadfile" name="testURL" time="22.785"/>
  <testcase classname="sikuli.TestUploadfile" name="testupload" time="28.549"/>
</testsuite> <!-- sikuli.TestUploadfile -->
