<?xml version="1.0" encoding="UTF-8"?>
<!-- Generated by org.testng.reporters.JUnitReportReporter -->
<testsuite hostname="Pravin" failures="0" tests="4" name="sikuli.TestDownloadfile" time="29.699" errors="0" timestamp="16 Dec 2021 04:58:17 GMT" skipped="0">
  <testcase classname="sikuli.TestDownloadfile" name="testURL" time="19.706"/>
  <testcase classname="sikuli.TestDownloadfile" name="testdownloadwordfile" time="1.145"/>
  <testcase classname="sikuli.TestDownloadfile" name="testdownoadpdffile" time="3.834"/>
  <testcase classname="sikuli.TestDownloadfile" name="testvalidate" time="5.014"/>
</testsuite> <!-- sikuli.TestDownloadfile -->
