<?xml version="1.0" encoding="UTF-8"?>
<!-- Generated by org.testng.reporters.JUnitReportReporter -->
<testsuite hostname="Pravin" failures="0" tests="3" name="TestVtiger.testvtigercampaign" time="10.268" errors="0" timestamp="19 Dec 2021 13:34:44 GMT" skipped="0">
  <testcase classname="TestVtiger.testvtigercampaign" name="testcreatecampaign" time="6.113"/>
  <testcase classname="TestVtiger.testvtigercampaign" name="testeditcampaign" time="3.243"/>
  <testcase classname="TestVtiger.testvtigercampaign" name="testdeletecampaign" time="0.912"/>
</testsuite> <!-- TestVtiger.testvtigercampaign -->
