<?xml version="1.0" encoding="UTF-8"?>
<!-- Generated by org.testng.reporters.JUnitReportReporter -->
<testsuite hostname="Pravin" failures="0" tests="1" name="PageObjetModel1.testactitime" time="60.896" errors="0" timestamp="18 Dec 2021 14:56:27 GMT" skipped="0">
  <testcase classname="PageObjetModel1.testactitime" name="testloginlogout" time="60.896"/>
</testsuite> <!-- PageObjetModel1.testactitime -->
