<?xml version="1.0" encoding="UTF-8"?>
<!-- Generated by org.testng.reporters.JUnitReportReporter -->
<testsuite hostname="Pravin" failures="0" tests="3" name="TestVtiger.testvtigercontacts" time="10.819" errors="0" timestamp="19 Dec 2021 13:33:53 GMT" skipped="0">
  <testcase classname="TestVtiger.testvtigercontacts" name="testcreatecontact" time="6.648"/>
  <testcase classname="TestVtiger.testvtigercontacts" name="testeditcontact" time="3.231"/>
  <testcase classname="TestVtiger.testvtigercontacts" name="testdeletecontact" time="0.940"/>
</testsuite> <!-- TestVtiger.testvtigercontacts -->
