<?xml version="1.0" encoding="UTF-8"?>
<!-- Generated by org.testng.reporters.JUnitReportReporter -->
<testsuite hostname="Pravin" failures="0" tests="1" name="PageObjetModel.actitimetest" time="82.968" errors="0" timestamp="18 Dec 2021 05:03:24 GMT" skipped="0">
  <testcase classname="PageObjetModel.actitimetest" name="Testloginandlogout" time="82.968"/>
</testsuite> <!-- PageObjetModel.actitimetest -->
