<?xml version="1.0" encoding="UTF-8"?>
<!-- Generated by org.testng.reporters.JUnitReportReporter -->
<testsuite hostname="Pravin" failures="0" tests="1" name="sample" time="0.015" errors="0" timestamp="19 Dec 2021 09:43:35 GMT" skipped="0">
  <testcase classname="sample" name="addition" time="0.015"/>
</testsuite> <!-- sample -->
