<?xml version="1.0" encoding="UTF-8"?>
<!-- Generated by org.testng.reporters.JUnitReportReporter -->
<testsuite hostname="Pravin" failures="0" tests="1" name="JavaScriptExecutor.Testsample1" time="21.515" errors="0" timestamp="16 Dec 2021 09:04:40 GMT" skipped="0">
  <testcase classname="JavaScriptExecutor.Testsample1" name="TestbrowserURL" time="21.515"/>
</testsuite> <!-- JavaScriptExecutor.Testsample1 -->
