<?xml version="1.0" encoding="UTF-8"?>
<!-- Generated by org.testng.reporters.JUnitReportReporter -->
<testsuite hostname="Pravin" failures="0" tests="3" name="DowloadsUploads.Downloadwordfiles1" time="14.995" errors="0" timestamp="2021-12-13T09:43:57 IST" skipped="0">
  <testcase classname="DowloadsUploads.Downloadwordfiles1" name="browserURL" time="13.622"/>
  <system-out/>
  <testcase classname="DowloadsUploads.Downloadwordfiles1" name="wordfile" time="0.650"/>
  <system-out/>
  <testcase classname="DowloadsUploads.Downloadwordfiles1" name="pdffile" time="0.723"/>
  <system-out/>
</testsuite> <!-- DowloadsUploads.Downloadwordfiles1 -->
