<?xml version="1.0" encoding="UTF-8"?>
<!-- Generated by org.testng.reporters.JUnitReportReporter -->
<testsuite hostname="Pravin" failures="0" tests="1" name="DowloadsUploads.UploadFileUsingSendkeys" time="30.390" errors="0" timestamp="2021-12-13T11:53:02 IST" skipped="0">
  <testcase classname="DowloadsUploads.UploadFileUsingSendkeys" name="uploadfile2" time="30.390"/>
  <system-out/>
</testsuite> <!-- DowloadsUploads.UploadFileUsingSendkeys -->
