<?xml version="1.0" encoding="UTF-8"?>
<!-- Generated by org.testng.reporters.JUnitReportReporter -->
<testsuite hostname="Pravin" failures="0" tests="2" name="TestNGsample.forthNG" time="0.015" errors="0" timestamp="2021-12-03T15:34:47 IST" skipped="0">
  <testcase classname="TestNGsample.forthNG" name="test2" time="0.004"/>
  <system-out/>
  <testcase classname="TestNGsample.forthNG" name="test1" time="0.011"/>
  <system-out/>
</testsuite> <!-- TestNGsample.forthNG -->
