<?xml version="1.0" encoding="UTF-8"?>
<!-- Generated by org.testng.reporters.JUnitReportReporter -->
<testsuite hostname="Pravin" failures="0" tests="1" name="DataDrivenTesting.LoginDDT" time="0.000" errors="0" timestamp="2021-12-05T18:43:45 IST" skipped="1">
  <testcase classname="DataDrivenTesting.LoginDDT" name="logintest" time="0.000">
    <skipped/>
  </testcase> <!-- logintest -->
  <system-out/>
</testsuite> <!-- DataDrivenTesting.LoginDDT -->
