<?xml version="1.0" encoding="UTF-8"?>
<!-- Generated by org.testng.reporters.JUnitReportReporter -->
<testsuite hostname="Pravin" failures="0" tests="2" name="DowloadsUploads.UploadUsingRobotclass" time="19.695" errors="0" timestamp="2021-12-13T12:18:15 IST" skipped="1">
  <testcase classname="DowloadsUploads.UploadUsingRobotclass" name="uploadfile2" time="19.695"/>
  <system-out/>
  <testcase classname="DowloadsUploads.UploadUsingRobotclass" name="uploadfile1">
    <skipped/>
  </testcase> <!-- uploadfile1 -->
  <system-out/>
</testsuite> <!-- DowloadsUploads.UploadUsingRobotclass -->
