<?xml version="1.0" encoding="UTF-8"?>
<!-- Generated by org.testng.reporters.JUnitReportReporter -->
<testsuite hostname="Pravin" failures="0" tests="4" name="vtigerTestNG.LeadsTest" time="47.527" errors="0" timestamp="2021-12-07T15:01:49 IST" skipped="0">
  <testcase classname="vtigerTestNG.LeadsTest" name="browserandURL" time="30.970"/>
  <system-out/>
  <testcase classname="vtigerTestNG.LeadsTest" name="LeadsTest" time="8.989"/>
  <system-out/>
  <testcase classname="vtigerTestNG.LeadsTest" name="editLeadsTest" time="5.405"/>
  <system-out/>
  <testcase classname="vtigerTestNG.LeadsTest" name="deleteLeadsTest" time="2.163"/>
  <system-out/>
</testsuite> <!-- vtigerTestNG.LeadsTest -->
