<?xml version="1.0" encoding="UTF-8"?>
<!-- Generated by org.testng.reporters.JUnitReportReporter -->
<testsuite hostname="Pravin" failures="0" tests="2" name="TestNGsample.groupingexample" time="0.013" errors="0" timestamp="2021-12-10T14:28:51 IST" skipped="0">
  <testcase classname="TestNGsample.groupingexample" name="testcase2" time="0.002"/>
  <system-out/>
  <testcase classname="TestNGsample.groupingexample" name="testcase1" time="0.011"/>
  <system-out/>
</testsuite> <!-- TestNGsample.groupingexample -->
