<?xml version="1.0" encoding="UTF-8"?>
<!-- Generated by org.testng.reporters.JUnitReportReporter -->
<testsuite hostname="Pravin" failures="0" tests="3" name="TestNG.OrangeHRM" time="23.450" errors="0" timestamp="2021-12-02T10:20:53 IST" skipped="0">
  <testcase classname="TestNG.OrangeHRM" name="login" time="9.847"/>
  <system-out/>
  <testcase classname="TestNG.OrangeHRM" name="jobtitles" time="9.248"/>
  <system-out/>
  <testcase classname="TestNG.OrangeHRM" name="addnewjob" time="4.355"/>
  <system-out/>
</testsuite> <!-- TestNG.OrangeHRM -->
