<?xml version="1.0" encoding="UTF-8"?>
<!-- Generated by org.testng.reporters.JUnitReportReporter -->
<testsuite hostname="Pravin" failures="0" tests="4" name="vtigerTestNG.CampaignTest" time="38.921" errors="0" timestamp="2021-12-07T13:35:52 IST" skipped="0">
  <testcase classname="vtigerTestNG.CampaignTest" name="browserandURL" time="21.246"/>
  <system-out/>
  <testcase classname="vtigerTestNG.CampaignTest" name="addCampaignTest" time="11.887"/>
  <system-out/>
  <testcase classname="vtigerTestNG.CampaignTest" name="editCampaignTest" time="4.307"/>
  <system-out/>
  <testcase classname="vtigerTestNG.CampaignTest" name="deleteCampaignTest" time="1.481"/>
  <system-out/>
</testsuite> <!-- vtigerTestNG.CampaignTest -->
