<?xml version="1.0" encoding="UTF-8"?>
<!-- Generated by org.testng.reporters.JUnitReportReporter -->
<testsuite hostname="Pravin" failures="0" tests="3" name="TestNG.javascriptalert" time="12.468" errors="0" timestamp="2021-12-03T10:51:01 IST" skipped="0">
  <testcase classname="TestNG.javascriptalert" name="alertwithsinglebutton" time="3.158"/>
  <system-out/>
  <testcase classname="TestNG.javascriptalert" name="alertwithchoice" time="3.145"/>
  <system-out/>
  <testcase classname="TestNG.javascriptalert" name="alertwithtextandchoice" time="6.165"/>
  <system-out/>
</testsuite> <!-- TestNG.javascriptalert -->
