<?xml version="1.0" encoding="UTF-8"?>
<!-- Generated by org.testng.reporters.JUnitReportReporter -->
<testsuite hostname="Pravin" failures="0" tests="5" name="TestNGsample.dataproviderexample" time="67.247" errors="0" timestamp="2021-12-20T16:18:46 IST" skipped="0">
  <testcase classname="TestNGsample.dataproviderexample" name="logintest" time="1.861"/>
  <system-out/>
  <testcase classname="TestNGsample.dataproviderexample" name="logintest" time="1.510"/>
  <system-out/>
  <testcase classname="TestNGsample.dataproviderexample" name="browserandURL" time="46.644"/>
  <system-out/>
  <testcase classname="TestNGsample.dataproviderexample" name="logintest" time="2.072"/>
  <system-out/>
  <testcase classname="TestNGsample.dataproviderexample" name="logintest" time="15.160"/>
  <system-out/>
</testsuite> <!-- TestNGsample.dataproviderexample -->
