<?xml version="1.0" encoding="UTF-8"?>
<!-- Generated by org.testng.reporters.JUnitReportReporter -->
<testsuite hostname="Pravin" failures="0" tests="3" name="TestNGsample.PriorityExample" time="0.014" errors="0" timestamp="2021-12-10T14:22:55 IST" skipped="0">
  <testcase classname="TestNGsample.PriorityExample" name="M2" time="0.011"/>
  <system-out/>
  <testcase classname="TestNGsample.PriorityExample" name="M3" time="0.001"/>
  <system-out/>
  <testcase classname="TestNGsample.PriorityExample" name="M1" time="0.002"/>
  <system-out/>
</testsuite> <!-- TestNGsample.PriorityExample -->
