<?xml version="1.0" encoding="UTF-8"?>
<!-- Generated by org.testng.reporters.JUnitReportReporter -->
<testsuite hostname="Pravin" failures="0" tests="1" name="TestNGsample.firstNG" time="0.022" errors="0" timestamp="2021-12-03T15:18:53 IST" skipped="0">
  <testcase classname="TestNGsample.firstNG" name="testCase1" time="0.022"/>
  <system-out/>
</testsuite> <!-- TestNGsample.firstNG -->
