<?xml version="1.0" encoding="UTF-8"?>
<!-- Generated by org.testng.reporters.JUnitReportReporter -->
<testsuite hostname="Pravin" failures="0" tests="1" name="DataDrivenTesting.writeexcel" time="3.062" errors="0" timestamp="2021-12-13T13:49:35 IST" skipped="0">
  <testcase classname="DataDrivenTesting.writeexcel" name="write" time="3.062"/>
  <system-out/>
</testsuite> <!-- DataDrivenTesting.writeexcel -->
