<?xml version="1.0" encoding="UTF-8"?>
<!-- Generated by org.testng.reporters.JUnitReportReporter -->
<testsuite hostname="Pravin" failures="0" tests="1" name="TestNG.JqueryUI" time="5.695" errors="0" timestamp="2021-12-03T08:05:41 IST" skipped="0">
  <testcase classname="TestNG.JqueryUI" name="sortable" time="5.695"/>
  <system-out/>
</testsuite> <!-- TestNG.JqueryUI -->
