<?xml version="1.0" encoding="UTF-8"?>
<!-- Generated by org.testng.reporters.JUnitReportReporter -->
<testsuite hostname="Pravin" failures="0" tests="1" name="TestNGsample.thirdNG" time="1.035" errors="0" timestamp="2021-12-03T15:31:36 IST" skipped="0">
  <testcase classname="TestNGsample.thirdNG" name="openBrowserAndAppURL" time="1.035"/>
  <system-out/>
</testsuite> <!-- TestNGsample.thirdNG -->
